1:0:d=2019080800:CLWMR Cloud Mixing Ratio [kg/kg]:1 hybrid level:120 hour fcst:
2:3925:d=2019080800:ICMR Ice Water Mixing Ratio [kg/kg]:1 hybrid level:120 hour fcst:
3:10725:d=2019080800:RWMR Rain Mixing Ratio [kg/kg]:1 hybrid level:120 hour fcst:
4:18801:d=2019080800:SNMR Snow Mixing Ratio [kg/kg]:1 hybrid level:120 hour fcst:
5:20634:d=2019080800:GRLE Graupel [kg/kg]:1 hybrid level:120 hour fcst:
6:21955:d=2019080800:REFC Composite reflectivity [dB]:entire atmosphere:120 hour fcst:
7:95262:d=2019080800:VIS Visibility [m]:surface:120 hour fcst:
8:157097:d=2019080800:UGRD U-Component of Wind [m/s]:planetary boundary layer:120 hour fcst:
9:212543:d=2019080800:VGRD V-Component of Wind [m/s]:planetary boundary layer:120 hour fcst:
10:269190:d=2019080800:VRATE Ventilation Rate [m^2/s]:planetary boundary layer:120 hour fcst:
11:323281:d=2019080800:GUST Wind Speed (Gust) [m/s]:surface:120 hour fcst:
12:379714:d=2019080800:HGT Geopotential Height [gpm]:0.4 mb:120 hour fcst:
13:440008:d=2019080800:TMP Temperature [K]:0.4 mb:120 hour fcst:
14:475486:d=2019080800:ABSV Absolute Vorticity [1/s]:0.4 mb:120 hour fcst:
15:491765:d=2019080800:O3MR Ozone Mixing Ratio [kg/kg]:0.4 mb:120 hour fcst:
16:572898:d=2019080800:HGT Geopotential Height [gpm]:1 mb:120 hour fcst:
17:634408:d=2019080800:TMP Temperature [K]:1 mb:120 hour fcst:
18:673722:d=2019080800:RH Relative Humidity [%]:1 mb:120 hour fcst:
19:673932:d=2019080800:UGRD U-Component of Wind [m/s]:1 mb:120 hour fcst:
20:717744:d=2019080800:VGRD V-Component of Wind [m/s]:1 mb:120 hour fcst:
21:757079:d=2019080800:O3MR Ozone Mixing Ratio [kg/kg]:1 mb:120 hour fcst:
22:842867:d=2019080800:HGT Geopotential Height [gpm]:2 mb:120 hour fcst:
23:902082:d=2019080800:TMP Temperature [K]:2 mb:120 hour fcst:
24:940673:d=2019080800:RH Relative Humidity [%]:2 mb:120 hour fcst:
25:941053:d=2019080800:UGRD U-Component of Wind [m/s]:2 mb:120 hour fcst:
26:984293:d=2019080800:VGRD V-Component of Wind [m/s]:2 mb:120 hour fcst:
27:1023836:d=2019080800:O3MR Ozone Mixing Ratio [kg/kg]:2 mb:120 hour fcst:
28:1110834:d=2019080800:HGT Geopotential Height [gpm]:3 mb:120 hour fcst:
29:1170784:d=2019080800:TMP Temperature [K]:3 mb:120 hour fcst:
30:1210018:d=2019080800:RH Relative Humidity [%]:3 mb:120 hour fcst:
31:1211257:d=2019080800:UGRD U-Component of Wind [m/s]:3 mb:120 hour fcst:
32:1256500:d=2019080800:VGRD V-Component of Wind [m/s]:3 mb:120 hour fcst:
33:1297762:d=2019080800:O3MR Ozone Mixing Ratio [kg/kg]:3 mb:120 hour fcst:
34:1380880:d=2019080800:HGT Geopotential Height [gpm]:5 mb:120 hour fcst:
35:1438061:d=2019080800:TMP Temperature [K]:5 mb:120 hour fcst:
36:1480496:d=2019080800:RH Relative Humidity [%]:5 mb:120 hour fcst:
37:1484879:d=2019080800:UGRD U-Component of Wind [m/s]:5 mb:120 hour fcst:
38:1531310:d=2019080800:VGRD V-Component of Wind [m/s]:5 mb:120 hour fcst:
39:1574808:d=2019080800:O3MR Ozone Mixing Ratio [kg/kg]:5 mb:120 hour fcst:
40:1654227:d=2019080800:HGT Geopotential Height [gpm]:7 mb:120 hour fcst:
41:1711364:d=2019080800:TMP Temperature [K]:7 mb:120 hour fcst:
42:1750409:d=2019080800:RH Relative Humidity [%]:7 mb:120 hour fcst:
43:1758082:d=2019080800:UGRD U-Component of Wind [m/s]:7 mb:120 hour fcst:
44:1803016:d=2019080800:VGRD V-Component of Wind [m/s]:7 mb:120 hour fcst:
45:1844289:d=2019080800:O3MR Ozone Mixing Ratio [kg/kg]:7 mb:120 hour fcst:
46:1905003:d=2019080800:HGT Geopotential Height [gpm]:10 mb:120 hour fcst:
47:1968030:d=2019080800:TMP Temperature [K]:10 mb:120 hour fcst:
48:2007611:d=2019080800:RH Relative Humidity [%]:10 mb:120 hour fcst:
49:2019675:d=2019080800:UGRD U-Component of Wind [m/s]:10 mb:120 hour fcst:
50:2064803:d=2019080800:VGRD V-Component of Wind [m/s]:10 mb:120 hour fcst:
51:2106833:d=2019080800:ABSV Absolute Vorticity [1/s]:10 mb:120 hour fcst:
52:2159069:d=2019080800:O3MR Ozone Mixing Ratio [kg/kg]:10 mb:120 hour fcst:
53:2223810:d=2019080800:HGT Geopotential Height [gpm]:15 mb:120 hour fcst:
54:2285145:d=2019080800:TMP Temperature [K]:15 mb:120 hour fcst:
55:2323031:d=2019080800:ABSV Absolute Vorticity [1/s]:15 mb:120 hour fcst:
56:2375772:d=2019080800:O3MR Ozone Mixing Ratio [kg/kg]:15 mb:120 hour fcst:
57:2461045:d=2019080800:HGT Geopotential Height [gpm]:20 mb:120 hour fcst:
58:2520986:d=2019080800:TMP Temperature [K]:20 mb:120 hour fcst:
59:2559883:d=2019080800:RH Relative Humidity [%]:20 mb:120 hour fcst:
60:2578885:d=2019080800:UGRD U-Component of Wind [m/s]:20 mb:120 hour fcst:
61:2624222:d=2019080800:VGRD V-Component of Wind [m/s]:20 mb:120 hour fcst:
62:2666739:d=2019080800:ABSV Absolute Vorticity [1/s]:20 mb:120 hour fcst:
63:2721860:d=2019080800:O3MR Ozone Mixing Ratio [kg/kg]:20 mb:120 hour fcst:
64:2811146:d=2019080800:HGT Geopotential Height [gpm]:30 mb:120 hour fcst:
65:2869316:d=2019080800:TMP Temperature [K]:30 mb:120 hour fcst:
66:2907427:d=2019080800:RH Relative Humidity [%]:30 mb:120 hour fcst:
67:2930775:d=2019080800:UGRD U-Component of Wind [m/s]:30 mb:120 hour fcst:
68:3001874:d=2019080800:VGRD V-Component of Wind [m/s]:30 mb:120 hour fcst:
69:3069281:d=2019080800:ABSV Absolute Vorticity [1/s]:30 mb:120 hour fcst:
70:3151878:d=2019080800:O3MR Ozone Mixing Ratio [kg/kg]:30 mb:120 hour fcst:
71:3249929:d=2019080800:HGT Geopotential Height [gpm]:40 mb:120 hour fcst:
72:3306955:d=2019080800:TMP Temperature [K]:40 mb:120 hour fcst:
73:3344375:d=2019080800:ABSV Absolute Vorticity [1/s]:40 mb:120 hour fcst:
74:3427833:d=2019080800:O3MR Ozone Mixing Ratio [kg/kg]:40 mb:120 hour fcst:
75:3526138:d=2019080800:HGT Geopotential Height [gpm]:50 mb:120 hour fcst:
76:3582316:d=2019080800:TMP Temperature [K]:50 mb:120 hour fcst:
77:3619768:d=2019080800:RH Relative Humidity [%]:50 mb:120 hour fcst:
78:3651307:d=2019080800:TCDC Total Cloud Cover [%]:50 mb:120 hour fcst:
79:3651827:d=2019080800:UGRD U-Component of Wind [m/s]:50 mb:120 hour fcst:
80:3722166:d=2019080800:VGRD V-Component of Wind [m/s]:50 mb:120 hour fcst:
81:3790175:d=2019080800:ABSV Absolute Vorticity [1/s]:50 mb:120 hour fcst:
82:3847701:d=2019080800:CLWMR Cloud Mixing Ratio [kg/kg]:50 mb:120 hour fcst:
83:3847880:d=2019080800:ICMR Ice Water Mixing Ratio [kg/kg]:50 mb:120 hour fcst:
84:3852760:d=2019080800:RWMR Rain Mixing Ratio [kg/kg]:50 mb:120 hour fcst:
85:3879447:d=2019080800:SNMR Snow Mixing Ratio [kg/kg]:50 mb:120 hour fcst:
86:3924159:d=2019080800:GRLE Graupel [kg/kg]:50 mb:120 hour fcst:
87:3969610:d=2019080800:O3MR Ozone Mixing Ratio [kg/kg]:50 mb:120 hour fcst:
88:4068354:d=2019080800:HGT Geopotential Height [gpm]:70 mb:120 hour fcst:
89:4123760:d=2019080800:TMP Temperature [K]:70 mb:120 hour fcst:
90:4161591:d=2019080800:RH Relative Humidity [%]:70 mb:120 hour fcst:
91:4201402:d=2019080800:UGRD U-Component of Wind [m/s]:70 mb:120 hour fcst:
92:4272495:d=2019080800:VGRD V-Component of Wind [m/s]:70 mb:120 hour fcst:
93:4341562:d=2019080800:ABSV Absolute Vorticity [1/s]:70 mb:120 hour fcst:
94:4401181:d=2019080800:O3MR Ozone Mixing Ratio [kg/kg]:70 mb:120 hour fcst:
95:4496247:d=2019080800:HGT Geopotential Height [gpm]:100 mb:120 hour fcst:
96:4559773:d=2019080800:TMP Temperature [K]:100 mb:120 hour fcst:
97:4596240:d=2019080800:RH Relative Humidity [%]:100 mb:120 hour fcst:
98:4642574:d=2019080800:TCDC Total Cloud Cover [%]:100 mb:120 hour fcst:
99:4646713:d=2019080800:VVEL Vertical Velocity (Pressure) [Pa/s]:100 mb:120 hour fcst:
100:4740271:d=2019080800:DZDT Vertical Velocity (Geometric) [m/s]:100 mb:120 hour fcst:
101:4818635:d=2019080800:UGRD U-Component of Wind [m/s]:100 mb:120 hour fcst:
102:4891051:d=2019080800:VGRD V-Component of Wind [m/s]:100 mb:120 hour fcst:
103:4961583:d=2019080800:ABSV Absolute Vorticity [1/s]:100 mb:120 hour fcst:
104:5022980:d=2019080800:CLWMR Cloud Mixing Ratio [kg/kg]:100 mb:120 hour fcst:
105:5023219:d=2019080800:ICMR Ice Water Mixing Ratio [kg/kg]:100 mb:120 hour fcst:
106:5027625:d=2019080800:RWMR Rain Mixing Ratio [kg/kg]:100 mb:120 hour fcst:
107:5050972:d=2019080800:SNMR Snow Mixing Ratio [kg/kg]:100 mb:120 hour fcst:
108:5051221:d=2019080800:GRLE Graupel [kg/kg]:100 mb:120 hour fcst:
109:5051431:d=2019080800:ICSEV Icing severity [non-dim]:100 mb:120 hour fcst:
110:5051610:d=2019080800:O3MR Ozone Mixing Ratio [kg/kg]:100 mb:120 hour fcst:
111:5139981:d=2019080800:HGT Geopotential Height [gpm]:150 mb:120 hour fcst:
112:5203693:d=2019080800:TMP Temperature [K]:150 mb:120 hour fcst:
113:5239928:d=2019080800:RH Relative Humidity [%]:150 mb:120 hour fcst:
114:5294569:d=2019080800:TCDC Total Cloud Cover [%]:150 mb:120 hour fcst:
115:5305041:d=2019080800:VVEL Vertical Velocity (Pressure) [Pa/s]:150 mb:120 hour fcst:
116:5378464:d=2019080800:DZDT Vertical Velocity (Geometric) [m/s]:150 mb:120 hour fcst:
117:5459115:d=2019080800:UGRD U-Component of Wind [m/s]:150 mb:120 hour fcst:
118:5534151:d=2019080800:VGRD V-Component of Wind [m/s]:150 mb:120 hour fcst:
119:5608183:d=2019080800:ABSV Absolute Vorticity [1/s]:150 mb:120 hour fcst:
120:5673702:d=2019080800:CLWMR Cloud Mixing Ratio [kg/kg]:150 mb:120 hour fcst:
121:5675235:d=2019080800:ICMR Ice Water Mixing Ratio [kg/kg]:150 mb:120 hour fcst:
122:5689186:d=2019080800:RWMR Rain Mixing Ratio [kg/kg]:150 mb:120 hour fcst:
123:5715180:d=2019080800:SNMR Snow Mixing Ratio [kg/kg]:150 mb:120 hour fcst:
124:5715564:d=2019080800:GRLE Graupel [kg/kg]:150 mb:120 hour fcst:
125:5715862:d=2019080800:ICSEV Icing severity [non-dim]:150 mb:120 hour fcst:
126:5716041:d=2019080800:O3MR Ozone Mixing Ratio [kg/kg]:150 mb:120 hour fcst:
127:5797962:d=2019080800:HGT Geopotential Height [gpm]:200 mb:120 hour fcst:
128:5862169:d=2019080800:TMP Temperature [K]:200 mb:120 hour fcst:
129:5899357:d=2019080800:RH Relative Humidity [%]:200 mb:120 hour fcst:
130:5964410:d=2019080800:TCDC Total Cloud Cover [%]:200 mb:120 hour fcst:
131:5984787:d=2019080800:VVEL Vertical Velocity (Pressure) [Pa/s]:200 mb:120 hour fcst:
132:6062791:d=2019080800:DZDT Vertical Velocity (Geometric) [m/s]:200 mb:120 hour fcst:
133:6136411:d=2019080800:UGRD U-Component of Wind [m/s]:200 mb:120 hour fcst:
134:6186786:d=2019080800:VGRD V-Component of Wind [m/s]:200 mb:120 hour fcst:
135:6237773:d=2019080800:ABSV Absolute Vorticity [1/s]:200 mb:120 hour fcst:
136:6306552:d=2019080800:CLWMR Cloud Mixing Ratio [kg/kg]:200 mb:120 hour fcst:
137:6306762:d=2019080800:ICMR Ice Water Mixing Ratio [kg/kg]:200 mb:120 hour fcst:
138:6334530:d=2019080800:RWMR Rain Mixing Ratio [kg/kg]:200 mb:120 hour fcst:
139:6364287:d=2019080800:SNMR Snow Mixing Ratio [kg/kg]:200 mb:120 hour fcst:
140:6365438:d=2019080800:GRLE Graupel [kg/kg]:200 mb:120 hour fcst:
141:6365885:d=2019080800:ICSEV Icing severity [non-dim]:200 mb:120 hour fcst:
142:6366064:d=2019080800:O3MR Ozone Mixing Ratio [kg/kg]:200 mb:120 hour fcst:
143:6444380:d=2019080800:HGT Geopotential Height [gpm]:250 mb:120 hour fcst:
144:6509387:d=2019080800:TMP Temperature [K]:250 mb:120 hour fcst:
145:6545684:d=2019080800:RH Relative Humidity [%]:250 mb:120 hour fcst:
146:6617285:d=2019080800:TCDC Total Cloud Cover [%]:250 mb:120 hour fcst:
147:6645255:d=2019080800:VVEL Vertical Velocity (Pressure) [Pa/s]:250 mb:120 hour fcst:
148:6728044:d=2019080800:DZDT Vertical Velocity (Geometric) [m/s]:250 mb:120 hour fcst:
149:6803492:d=2019080800:UGRD U-Component of Wind [m/s]:250 mb:120 hour fcst:
150:6855579:d=2019080800:VGRD V-Component of Wind [m/s]:250 mb:120 hour fcst:
151:6909521:d=2019080800:ABSV Absolute Vorticity [1/s]:250 mb:120 hour fcst:
152:6981515:d=2019080800:CLWMR Cloud Mixing Ratio [kg/kg]:250 mb:120 hour fcst:
153:6981838:d=2019080800:ICMR Ice Water Mixing Ratio [kg/kg]:250 mb:120 hour fcst:
154:7021883:d=2019080800:RWMR Rain Mixing Ratio [kg/kg]:250 mb:120 hour fcst:
155:7053362:d=2019080800:SNMR Snow Mixing Ratio [kg/kg]:250 mb:120 hour fcst:
156:7055445:d=2019080800:GRLE Graupel [kg/kg]:250 mb:120 hour fcst:
157:7055992:d=2019080800:ICSEV Icing severity [non-dim]:250 mb:120 hour fcst:
158:7056222:d=2019080800:O3MR Ozone Mixing Ratio [kg/kg]:250 mb:120 hour fcst:
159:7159189:d=2019080800:HGT Geopotential Height [gpm]:300 mb:120 hour fcst:
160:7224362:d=2019080800:TMP Temperature [K]:300 mb:120 hour fcst:
161:7261712:d=2019080800:RH Relative Humidity [%]:300 mb:120 hour fcst:
162:7336599:d=2019080800:TCDC Total Cloud Cover [%]:300 mb:120 hour fcst:
163:7366270:d=2019080800:VVEL Vertical Velocity (Pressure) [Pa/s]:300 mb:120 hour fcst:
164:7452511:d=2019080800:DZDT Vertical Velocity (Geometric) [m/s]:300 mb:120 hour fcst:
165:7529862:d=2019080800:UGRD U-Component of Wind [m/s]:300 mb:120 hour fcst:
166:7583953:d=2019080800:VGRD V-Component of Wind [m/s]:300 mb:120 hour fcst:
167:7640127:d=2019080800:ABSV Absolute Vorticity [1/s]:300 mb:120 hour fcst:
168:7715280:d=2019080800:CLWMR Cloud Mixing Ratio [kg/kg]:300 mb:120 hour fcst:
169:7715587:d=2019080800:ICMR Ice Water Mixing Ratio [kg/kg]:300 mb:120 hour fcst:
170:7761069:d=2019080800:RWMR Rain Mixing Ratio [kg/kg]:300 mb:120 hour fcst:
171:7775247:d=2019080800:SNMR Snow Mixing Ratio [kg/kg]:300 mb:120 hour fcst:
172:7778054:d=2019080800:GRLE Graupel [kg/kg]:300 mb:120 hour fcst:
173:7778765:d=2019080800:ICSEV Icing severity [non-dim]:300 mb:120 hour fcst:
174:7780231:d=2019080800:O3MR Ozone Mixing Ratio [kg/kg]:300 mb:120 hour fcst:
175:7880822:d=2019080800:HGT Geopotential Height [gpm]:350 mb:120 hour fcst:
176:7945599:d=2019080800:TMP Temperature [K]:350 mb:120 hour fcst:
177:7981396:d=2019080800:RH Relative Humidity [%]:350 mb:120 hour fcst:
178:8054577:d=2019080800:TCDC Total Cloud Cover [%]:350 mb:120 hour fcst:
179:8083242:d=2019080800:VVEL Vertical Velocity (Pressure) [Pa/s]:350 mb:120 hour fcst:
180:8170521:d=2019080800:DZDT Vertical Velocity (Geometric) [m/s]:350 mb:120 hour fcst:
181:8247612:d=2019080800:UGRD U-Component of Wind [m/s]:350 mb:120 hour fcst:
182:8300241:d=2019080800:VGRD V-Component of Wind [m/s]:350 mb:120 hour fcst:
183:8355299:d=2019080800:ABSV Absolute Vorticity [1/s]:350 mb:120 hour fcst:
184:8428972:d=2019080800:CLWMR Cloud Mixing Ratio [kg/kg]:350 mb:120 hour fcst:
185:8429408:d=2019080800:ICMR Ice Water Mixing Ratio [kg/kg]:350 mb:120 hour fcst:
186:8477533:d=2019080800:RWMR Rain Mixing Ratio [kg/kg]:350 mb:120 hour fcst:
187:8479234:d=2019080800:SNMR Snow Mixing Ratio [kg/kg]:350 mb:120 hour fcst:
188:8483165:d=2019080800:GRLE Graupel [kg/kg]:350 mb:120 hour fcst:
189:8484018:d=2019080800:ICSEV Icing severity [non-dim]:350 mb:120 hour fcst:
190:8495330:d=2019080800:O3MR Ozone Mixing Ratio [kg/kg]:350 mb:120 hour fcst:
191:8591682:d=2019080800:HGT Geopotential Height [gpm]:400 mb:120 hour fcst:
192:8655698:d=2019080800:TMP Temperature [K]:400 mb:120 hour fcst:
193:8693170:d=2019080800:RH Relative Humidity [%]:400 mb:120 hour fcst:
194:8766032:d=2019080800:TCDC Total Cloud Cover [%]:400 mb:120 hour fcst:
195:8793037:d=2019080800:VVEL Vertical Velocity (Pressure) [Pa/s]:400 mb:120 hour fcst:
196:8881354:d=2019080800:DZDT Vertical Velocity (Geometric) [m/s]:400 mb:120 hour fcst:
197:8958291:d=2019080800:UGRD U-Component of Wind [m/s]:400 mb:120 hour fcst:
198:9011384:d=2019080800:VGRD V-Component of Wind [m/s]:400 mb:120 hour fcst:
199:9066572:d=2019080800:ABSV Absolute Vorticity [1/s]:400 mb:120 hour fcst:
200:9140461:d=2019080800:CLWMR Cloud Mixing Ratio [kg/kg]:400 mb:120 hour fcst:
201:9141648:d=2019080800:ICMR Ice Water Mixing Ratio [kg/kg]:400 mb:120 hour fcst:
202:9188577:d=2019080800:RWMR Rain Mixing Ratio [kg/kg]:400 mb:120 hour fcst:
203:9188948:d=2019080800:SNMR Snow Mixing Ratio [kg/kg]:400 mb:120 hour fcst:
204:9193910:d=2019080800:GRLE Graupel [kg/kg]:400 mb:120 hour fcst:
205:9194939:d=2019080800:ICSEV Icing severity [non-dim]:400 mb:120 hour fcst:
206:9209656:d=2019080800:O3MR Ozone Mixing Ratio [kg/kg]:400 mb:120 hour fcst:
207:9304183:d=2019080800:HGT Geopotential Height [gpm]:450 mb:120 hour fcst:
208:9367602:d=2019080800:TMP Temperature [K]:450 mb:120 hour fcst:
209:9404269:d=2019080800:RH Relative Humidity [%]:450 mb:120 hour fcst:
210:9476146:d=2019080800:TCDC Total Cloud Cover [%]:450 mb:120 hour fcst:
211:9502111:d=2019080800:VVEL Vertical Velocity (Pressure) [Pa/s]:450 mb:120 hour fcst:
212:9589969:d=2019080800:DZDT Vertical Velocity (Geometric) [m/s]:450 mb:120 hour fcst:
213:9665546:d=2019080800:UGRD U-Component of Wind [m/s]:450 mb:120 hour fcst:
214:9717506:d=2019080800:VGRD V-Component of Wind [m/s]:450 mb:120 hour fcst:
215:9771446:d=2019080800:ABSV Absolute Vorticity [1/s]:450 mb:120 hour fcst:
216:9844137:d=2019080800:CLWMR Cloud Mixing Ratio [kg/kg]:450 mb:120 hour fcst:
217:9846485:d=2019080800:ICMR Ice Water Mixing Ratio [kg/kg]:450 mb:120 hour fcst:
218:9892383:d=2019080800:RWMR Rain Mixing Ratio [kg/kg]:450 mb:120 hour fcst:
219:9893395:d=2019080800:SNMR Snow Mixing Ratio [kg/kg]:450 mb:120 hour fcst:
220:9899312:d=2019080800:GRLE Graupel [kg/kg]:450 mb:120 hour fcst:
221:9900655:d=2019080800:ICSEV Icing severity [non-dim]:450 mb:120 hour fcst:
222:9921929:d=2019080800:HGT Geopotential Height [gpm]:500 mb:120 hour fcst:
223:9993051:d=2019080800:TMP Temperature [K]:500 mb:120 hour fcst:
224:10031278:d=2019080800:RH Relative Humidity [%]:500 mb:120 hour fcst:
225:10103971:d=2019080800:TCDC Total Cloud Cover [%]:500 mb:120 hour fcst:
226:10128934:d=2019080800:VVEL Vertical Velocity (Pressure) [Pa/s]:500 mb:120 hour fcst:
227:10217320:d=2019080800:DZDT Vertical Velocity (Geometric) [m/s]:500 mb:120 hour fcst:
228:10300740:d=2019080800:UGRD U-Component of Wind [m/s]:500 mb:120 hour fcst:
229:10379989:d=2019080800:VGRD V-Component of Wind [m/s]:500 mb:120 hour fcst:
230:10460838:d=2019080800:ABSV Absolute Vorticity [1/s]:500 mb:120 hour fcst:
231:10533871:d=2019080800:CLWMR Cloud Mixing Ratio [kg/kg]:500 mb:120 hour fcst:
232:10539140:d=2019080800:ICMR Ice Water Mixing Ratio [kg/kg]:500 mb:120 hour fcst:
233:10583877:d=2019080800:RWMR Rain Mixing Ratio [kg/kg]:500 mb:120 hour fcst:
234:10584521:d=2019080800:SNMR Snow Mixing Ratio [kg/kg]:500 mb:120 hour fcst:
235:10591122:d=2019080800:GRLE Graupel [kg/kg]:500 mb:120 hour fcst:
236:10593150:d=2019080800:ICSEV Icing severity [non-dim]:500 mb:120 hour fcst:
237:10626298:d=2019080800:O3MR Ozone Mixing Ratio [kg/kg]:500 mb:120 hour fcst:
238:10717144:d=2019080800:HGT Geopotential Height [gpm]:550 mb:120 hour fcst:
239:10787746:d=2019080800:TMP Temperature [K]:550 mb:120 hour fcst:
240:10825689:d=2019080800:RH Relative Humidity [%]:550 mb:120 hour fcst:
241:10898243:d=2019080800:TCDC Total Cloud Cover [%]:550 mb:120 hour fcst:
242:10923033:d=2019080800:VVEL Vertical Velocity (Pressure) [Pa/s]:550 mb:120 hour fcst:
243:11011757:d=2019080800:DZDT Vertical Velocity (Geometric) [m/s]:550 mb:120 hour fcst:
244:11094525:d=2019080800:UGRD U-Component of Wind [m/s]:550 mb:120 hour fcst:
245:11173185:d=2019080800:VGRD V-Component of Wind [m/s]:550 mb:120 hour fcst:
246:11253623:d=2019080800:ABSV Absolute Vorticity [1/s]:550 mb:120 hour fcst:
247:11325991:d=2019080800:CLWMR Cloud Mixing Ratio [kg/kg]:550 mb:120 hour fcst:
248:11334983:d=2019080800:ICMR Ice Water Mixing Ratio [kg/kg]:550 mb:120 hour fcst:
249:11377084:d=2019080800:RWMR Rain Mixing Ratio [kg/kg]:550 mb:120 hour fcst:
250:11379382:d=2019080800:SNMR Snow Mixing Ratio [kg/kg]:550 mb:120 hour fcst:
251:11386136:d=2019080800:GRLE Graupel [kg/kg]:550 mb:120 hour fcst:
252:11388595:d=2019080800:ICSEV Icing severity [non-dim]:550 mb:120 hour fcst:
253:11424986:d=2019080800:HGT Geopotential Height [gpm]:600 mb:120 hour fcst:
254:11495769:d=2019080800:TMP Temperature [K]:600 mb:120 hour fcst:
255:11534763:d=2019080800:RH Relative Humidity [%]:600 mb:120 hour fcst:
256:11608006:d=2019080800:TCDC Total Cloud Cover [%]:600 mb:120 hour fcst:
257:11631843:d=2019080800:VVEL Vertical Velocity (Pressure) [Pa/s]:600 mb:120 hour fcst:
258:11721108:d=2019080800:DZDT Vertical Velocity (Geometric) [m/s]:600 mb:120 hour fcst:
259:11803436:d=2019080800:UGRD U-Component of Wind [m/s]:600 mb:120 hour fcst:
260:11882035:d=2019080800:VGRD V-Component of Wind [m/s]:600 mb:120 hour fcst:
261:11962469:d=2019080800:ABSV Absolute Vorticity [1/s]:600 mb:120 hour fcst:
262:12034571:d=2019080800:CLWMR Cloud Mixing Ratio [kg/kg]:600 mb:120 hour fcst:
263:12044968:d=2019080800:ICMR Ice Water Mixing Ratio [kg/kg]:600 mb:120 hour fcst:
264:12080382:d=2019080800:RWMR Rain Mixing Ratio [kg/kg]:600 mb:120 hour fcst:
265:12084205:d=2019080800:SNMR Snow Mixing Ratio [kg/kg]:600 mb:120 hour fcst:
266:12089928:d=2019080800:GRLE Graupel [kg/kg]:600 mb:120 hour fcst:
267:12091620:d=2019080800:ICSEV Icing severity [non-dim]:600 mb:120 hour fcst:
268:12122872:d=2019080800:HGT Geopotential Height [gpm]:650 mb:120 hour fcst:
269:12196211:d=2019080800:TMP Temperature [K]:650 mb:120 hour fcst:
270:12236877:d=2019080800:RH Relative Humidity [%]:650 mb:120 hour fcst:
271:12311253:d=2019080800:TCDC Total Cloud Cover [%]:650 mb:120 hour fcst:
272:12334812:d=2019080800:VVEL Vertical Velocity (Pressure) [Pa/s]:650 mb:120 hour fcst:
273:12424749:d=2019080800:DZDT Vertical Velocity (Geometric) [m/s]:650 mb:120 hour fcst:
274:12506972:d=2019080800:UGRD U-Component of Wind [m/s]:650 mb:120 hour fcst:
275:12586284:d=2019080800:VGRD V-Component of Wind [m/s]:650 mb:120 hour fcst:
276:12667339:d=2019080800:ABSV Absolute Vorticity [1/s]:650 mb:120 hour fcst:
277:12740097:d=2019080800:CLWMR Cloud Mixing Ratio [kg/kg]:650 mb:120 hour fcst:
278:12752724:d=2019080800:ICMR Ice Water Mixing Ratio [kg/kg]:650 mb:120 hour fcst:
279:12783081:d=2019080800:RWMR Rain Mixing Ratio [kg/kg]:650 mb:120 hour fcst:
280:12787373:d=2019080800:SNMR Snow Mixing Ratio [kg/kg]:650 mb:120 hour fcst:
281:12792553:d=2019080800:GRLE Graupel [kg/kg]:650 mb:120 hour fcst:
282:12794235:d=2019080800:ICSEV Icing severity [non-dim]:650 mb:120 hour fcst:
283:12824315:d=2019080800:HGT Geopotential Height [gpm]:700 mb:120 hour fcst:
284:12898508:d=2019080800:TMP Temperature [K]:700 mb:120 hour fcst:
285:12939457:d=2019080800:RH Relative Humidity [%]:700 mb:120 hour fcst:
286:13014163:d=2019080800:TCDC Total Cloud Cover [%]:700 mb:120 hour fcst:
287:13037909:d=2019080800:VVEL Vertical Velocity (Pressure) [Pa/s]:700 mb:120 hour fcst:
288:13128458:d=2019080800:DZDT Vertical Velocity (Geometric) [m/s]:700 mb:120 hour fcst:
289:13210698:d=2019080800:UGRD U-Component of Wind [m/s]:700 mb:120 hour fcst:
290:13290173:d=2019080800:VGRD V-Component of Wind [m/s]:700 mb:120 hour fcst:
291:13371277:d=2019080800:ABSV Absolute Vorticity [1/s]:700 mb:120 hour fcst:
292:13444354:d=2019080800:CLWMR Cloud Mixing Ratio [kg/kg]:700 mb:120 hour fcst:
293:13459719:d=2019080800:ICMR Ice Water Mixing Ratio [kg/kg]:700 mb:120 hour fcst:
294:13488531:d=2019080800:RWMR Rain Mixing Ratio [kg/kg]:700 mb:120 hour fcst:
295:13493793:d=2019080800:SNMR Snow Mixing Ratio [kg/kg]:700 mb:120 hour fcst:
296:13499133:d=2019080800:GRLE Graupel [kg/kg]:700 mb:120 hour fcst:
297:13501393:d=2019080800:ICSEV Icing severity [non-dim]:700 mb:120 hour fcst:
298:13532303:d=2019080800:O3MR Ozone Mixing Ratio [kg/kg]:700 mb:120 hour fcst:
299:13633706:d=2019080800:HGT Geopotential Height [gpm]:750 mb:120 hour fcst:
300:13708642:d=2019080800:TMP Temperature [K]:750 mb:120 hour fcst:
301:13750864:d=2019080800:RH Relative Humidity [%]:750 mb:120 hour fcst:
302:13826442:d=2019080800:TCDC Total Cloud Cover [%]:750 mb:120 hour fcst:
303:13851700:d=2019080800:VVEL Vertical Velocity (Pressure) [Pa/s]:750 mb:120 hour fcst:
304:13942943:d=2019080800:DZDT Vertical Velocity (Geometric) [m/s]:750 mb:120 hour fcst:
305:14025711:d=2019080800:UGRD U-Component of Wind [m/s]:750 mb:120 hour fcst:
306:14106064:d=2019080800:VGRD V-Component of Wind [m/s]:750 mb:120 hour fcst:
307:14187713:d=2019080800:ABSV Absolute Vorticity [1/s]:750 mb:120 hour fcst:
308:14261816:d=2019080800:CLWMR Cloud Mixing Ratio [kg/kg]:750 mb:120 hour fcst:
309:14279944:d=2019080800:ICMR Ice Water Mixing Ratio [kg/kg]:750 mb:120 hour fcst:
310:14309789:d=2019080800:RWMR Rain Mixing Ratio [kg/kg]:750 mb:120 hour fcst:
311:14316835:d=2019080800:SNMR Snow Mixing Ratio [kg/kg]:750 mb:120 hour fcst:
312:14322201:d=2019080800:GRLE Graupel [kg/kg]:750 mb:120 hour fcst:
313:14324550:d=2019080800:ICSEV Icing severity [non-dim]:750 mb:120 hour fcst:
314:14354302:d=2019080800:HGT Geopotential Height [gpm]:800 mb:120 hour fcst:
315:14430014:d=2019080800:TMP Temperature [K]:800 mb:120 hour fcst:
316:14473760:d=2019080800:RH Relative Humidity [%]:800 mb:120 hour fcst:
317:14549641:d=2019080800:TCDC Total Cloud Cover [%]:800 mb:120 hour fcst:
318:14576276:d=2019080800:VVEL Vertical Velocity (Pressure) [Pa/s]:800 mb:120 hour fcst:
319:14668164:d=2019080800:DZDT Vertical Velocity (Geometric) [m/s]:800 mb:120 hour fcst:
320:14750851:d=2019080800:UGRD U-Component of Wind [m/s]:800 mb:120 hour fcst:
321:14831823:d=2019080800:VGRD V-Component of Wind [m/s]:800 mb:120 hour fcst:
322:14914085:d=2019080800:ABSV Absolute Vorticity [1/s]:800 mb:120 hour fcst:
323:14988586:d=2019080800:CLWMR Cloud Mixing Ratio [kg/kg]:800 mb:120 hour fcst:
324:15008413:d=2019080800:ICMR Ice Water Mixing Ratio [kg/kg]:800 mb:120 hour fcst:
325:15035130:d=2019080800:RWMR Rain Mixing Ratio [kg/kg]:800 mb:120 hour fcst:
326:15042880:d=2019080800:SNMR Snow Mixing Ratio [kg/kg]:800 mb:120 hour fcst:
327:15047668:d=2019080800:GRLE Graupel [kg/kg]:800 mb:120 hour fcst:
328:15052201:d=2019080800:ICSEV Icing severity [non-dim]:800 mb:120 hour fcst:
329:15079721:d=2019080800:HGT Geopotential Height [gpm]:850 mb:120 hour fcst:
330:15156625:d=2019080800:TMP Temperature [K]:850 mb:120 hour fcst:
331:15201914:d=2019080800:RH Relative Humidity [%]:850 mb:120 hour fcst:
332:15277511:d=2019080800:TCDC Total Cloud Cover [%]:850 mb:120 hour fcst:
333:15307740:d=2019080800:VVEL Vertical Velocity (Pressure) [Pa/s]:850 mb:120 hour fcst:
334:15400350:d=2019080800:DZDT Vertical Velocity (Geometric) [m/s]:850 mb:120 hour fcst:
335:15482658:d=2019080800:UGRD U-Component of Wind [m/s]:850 mb:120 hour fcst:
336:15563990:d=2019080800:VGRD V-Component of Wind [m/s]:850 mb:120 hour fcst:
337:15647173:d=2019080800:ABSV Absolute Vorticity [1/s]:850 mb:120 hour fcst:
338:15722595:d=2019080800:CLWMR Cloud Mixing Ratio [kg/kg]:850 mb:120 hour fcst:
339:15748232:d=2019080800:ICMR Ice Water Mixing Ratio [kg/kg]:850 mb:120 hour fcst:
340:15773330:d=2019080800:RWMR Rain Mixing Ratio [kg/kg]:850 mb:120 hour fcst:
341:15781884:d=2019080800:SNMR Snow Mixing Ratio [kg/kg]:850 mb:120 hour fcst:
342:15790451:d=2019080800:GRLE Graupel [kg/kg]:850 mb:120 hour fcst:
343:15794421:d=2019080800:ICSEV Icing severity [non-dim]:850 mb:120 hour fcst:
344:15820742:d=2019080800:O3MR Ozone Mixing Ratio [kg/kg]:850 mb:120 hour fcst:
345:15918913:d=2019080800:HGT Geopotential Height [gpm]:900 mb:120 hour fcst:
346:15997840:d=2019080800:TMP Temperature [K]:900 mb:120 hour fcst:
347:16044264:d=2019080800:RH Relative Humidity [%]:900 mb:120 hour fcst:
348:16118636:d=2019080800:TCDC Total Cloud Cover [%]:900 mb:120 hour fcst:
349:16154225:d=2019080800:VVEL Vertical Velocity (Pressure) [Pa/s]:900 mb:120 hour fcst:
350:16246543:d=2019080800:DZDT Vertical Velocity (Geometric) [m/s]:900 mb:120 hour fcst:
351:16328441:d=2019080800:UGRD U-Component of Wind [m/s]:900 mb:120 hour fcst:
352:16410056:d=2019080800:VGRD V-Component of Wind [m/s]:900 mb:120 hour fcst:
353:16493356:d=2019080800:ABSV Absolute Vorticity [1/s]:900 mb:120 hour fcst:
354:16569238:d=2019080800:CLWMR Cloud Mixing Ratio [kg/kg]:900 mb:120 hour fcst:
355:16610351:d=2019080800:ICMR Ice Water Mixing Ratio [kg/kg]:900 mb:120 hour fcst:
356:16634417:d=2019080800:RWMR Rain Mixing Ratio [kg/kg]:900 mb:120 hour fcst:
357:16643945:d=2019080800:SNMR Snow Mixing Ratio [kg/kg]:900 mb:120 hour fcst:
358:16647194:d=2019080800:GRLE Graupel [kg/kg]:900 mb:120 hour fcst:
359:16650336:d=2019080800:ICSEV Icing severity [non-dim]:900 mb:120 hour fcst:
360:16673961:d=2019080800:HGT Geopotential Height [gpm]:925 mb:120 hour fcst:
361:16753855:d=2019080800:TMP Temperature [K]:925 mb:120 hour fcst:
362:16800205:d=2019080800:RH Relative Humidity [%]:925 mb:120 hour fcst:
363:16872873:d=2019080800:TCDC Total Cloud Cover [%]:925 mb:120 hour fcst:
364:16908057:d=2019080800:VVEL Vertical Velocity (Pressure) [Pa/s]:925 mb:120 hour fcst:
365:16999060:d=2019080800:DZDT Vertical Velocity (Geometric) [m/s]:925 mb:120 hour fcst:
366:17079752:d=2019080800:UGRD U-Component of Wind [m/s]:925 mb:120 hour fcst:
367:17161087:d=2019080800:VGRD V-Component of Wind [m/s]:925 mb:120 hour fcst:
368:17244236:d=2019080800:ABSV Absolute Vorticity [1/s]:925 mb:120 hour fcst:
369:17319570:d=2019080800:CLWMR Cloud Mixing Ratio [kg/kg]:925 mb:120 hour fcst:
370:17355525:d=2019080800:ICMR Ice Water Mixing Ratio [kg/kg]:925 mb:120 hour fcst:
371:17377016:d=2019080800:RWMR Rain Mixing Ratio [kg/kg]:925 mb:120 hour fcst:
372:17386319:d=2019080800:SNMR Snow Mixing Ratio [kg/kg]:925 mb:120 hour fcst:
373:17392414:d=2019080800:GRLE Graupel [kg/kg]:925 mb:120 hour fcst:
374:17394981:d=2019080800:HGT Geopotential Height [gpm]:950 mb:120 hour fcst:
375:17475879:d=2019080800:TMP Temperature [K]:950 mb:120 hour fcst:
376:17522141:d=2019080800:RH Relative Humidity [%]:950 mb:120 hour fcst:
377:17593254:d=2019080800:TCDC Total Cloud Cover [%]:950 mb:120 hour fcst:
378:17622108:d=2019080800:VVEL Vertical Velocity (Pressure) [Pa/s]:950 mb:120 hour fcst:
379:17711145:d=2019080800:DZDT Vertical Velocity (Geometric) [m/s]:950 mb:120 hour fcst:
380:17789641:d=2019080800:UGRD U-Component of Wind [m/s]:950 mb:120 hour fcst:
381:17870723:d=2019080800:VGRD V-Component of Wind [m/s]:950 mb:120 hour fcst:
382:17953506:d=2019080800:ABSV Absolute Vorticity [1/s]:950 mb:120 hour fcst:
383:18028177:d=2019080800:CLWMR Cloud Mixing Ratio [kg/kg]:950 mb:120 hour fcst:
384:18053282:d=2019080800:ICMR Ice Water Mixing Ratio [kg/kg]:950 mb:120 hour fcst:
385:18072549:d=2019080800:RWMR Rain Mixing Ratio [kg/kg]:950 mb:120 hour fcst:
386:18081141:d=2019080800:SNMR Snow Mixing Ratio [kg/kg]:950 mb:120 hour fcst:
387:18086008:d=2019080800:GRLE Graupel [kg/kg]:950 mb:120 hour fcst:
388:18088050:d=2019080800:ICSEV Icing severity [non-dim]:950 mb:120 hour fcst:
389:18108271:d=2019080800:HINDEX Haines Index [Numeric]:surface:120 hour fcst:
390:18124664:d=2019080800:HGT Geopotential Height [gpm]:975 mb:120 hour fcst:
391:18206667:d=2019080800:TMP Temperature [K]:975 mb:120 hour fcst:
392:18252454:d=2019080800:RH Relative Humidity [%]:975 mb:120 hour fcst:
393:18322176:d=2019080800:TCDC Total Cloud Cover [%]:975 mb:120 hour fcst:
394:18344329:d=2019080800:VVEL Vertical Velocity (Pressure) [Pa/s]:975 mb:120 hour fcst:
395:18429602:d=2019080800:DZDT Vertical Velocity (Geometric) [m/s]:975 mb:120 hour fcst:
396:18503499:d=2019080800:UGRD U-Component of Wind [m/s]:975 mb:120 hour fcst:
397:18584638:d=2019080800:VGRD V-Component of Wind [m/s]:975 mb:120 hour fcst:
398:18666768:d=2019080800:ABSV Absolute Vorticity [1/s]:975 mb:120 hour fcst:
399:18740418:d=2019080800:CLWMR Cloud Mixing Ratio [kg/kg]:975 mb:120 hour fcst:
400:18756280:d=2019080800:ICMR Ice Water Mixing Ratio [kg/kg]:975 mb:120 hour fcst:
401:18770852:d=2019080800:RWMR Rain Mixing Ratio [kg/kg]:975 mb:120 hour fcst:
402:18778601:d=2019080800:SNMR Snow Mixing Ratio [kg/kg]:975 mb:120 hour fcst:
403:18779902:d=2019080800:GRLE Graupel [kg/kg]:975 mb:120 hour fcst:
404:18781275:d=2019080800:TMP Temperature [K]:1000 mb:120 hour fcst:
405:18827312:d=2019080800:RH Relative Humidity [%]:1000 mb:120 hour fcst:
406:18896150:d=2019080800:TCDC Total Cloud Cover [%]:1000 mb:120 hour fcst:
407:18909443:d=2019080800:VVEL Vertical Velocity (Pressure) [Pa/s]:1000 mb:120 hour fcst:
408:18987388:d=2019080800:DZDT Vertical Velocity (Geometric) [m/s]:1000 mb:120 hour fcst:
409:19053967:d=2019080800:UGRD U-Component of Wind [m/s]:1000 mb:120 hour fcst:
410:19134715:d=2019080800:VGRD V-Component of Wind [m/s]:1000 mb:120 hour fcst:
411:19216502:d=2019080800:ABSV Absolute Vorticity [1/s]:1000 mb:120 hour fcst:
412:19289282:d=2019080800:CLWMR Cloud Mixing Ratio [kg/kg]:1000 mb:120 hour fcst:
413:19296529:d=2019080800:ICMR Ice Water Mixing Ratio [kg/kg]:1000 mb:120 hour fcst:
414:19301801:d=2019080800:RWMR Rain Mixing Ratio [kg/kg]:1000 mb:120 hour fcst:
415:19307521:d=2019080800:SNMR Snow Mixing Ratio [kg/kg]:1000 mb:120 hour fcst:
416:19307887:d=2019080800:GRLE Graupel [kg/kg]:1000 mb:120 hour fcst:
417:19309314:d=2019080800:ICSEV Icing severity [non-dim]:1000 mb:120 hour fcst:
418:19321023:d=2019080800:O3MR Ozone Mixing Ratio [kg/kg]:1000 mb:120 hour fcst:
419:19414866:d=2019080800:MSLET MSLP (Eta model reduction) [Pa]:mean sea level:120 hour fcst:
420:19498733:d=2019080800:HGT Geopotential Height [gpm]:1000 mb:120 hour fcst:
421:19582168:d=2019080800:PRES Pressure [Pa]:surface:120 hour fcst:
422:19657100:d=2019080800:HGT Geopotential Height [gpm]:surface:120 hour fcst:
423:19701147:d=2019080800:TMP Temperature [K]:surface:120 hour fcst:
424:19750707:d=2019080800:TSOIL Soil Temperature [K]:0-0.1 m below ground:120 hour fcst:
425:19797022:d=2019080800:SOILW Volumetric Soil Moisture Content [Fraction]:0-0.1 m below ground:120 hour fcst:
426:19822483:d=2019080800:TSOIL Soil Temperature [K]:0.1-0.4 m below ground:120 hour fcst:
427:19867475:d=2019080800:SOILW Volumetric Soil Moisture Content [Fraction]:0.1-0.4 m below ground:120 hour fcst:
428:19893339:d=2019080800:TSOIL Soil Temperature [K]:0.4-1 m below ground:120 hour fcst:
429:19961390:d=2019080800:SOILW Volumetric Soil Moisture Content [Fraction]:0.4-1 m below ground:120 hour fcst:
430:19987553:d=2019080800:TSOIL Soil Temperature [K]:1-2 m below ground:120 hour fcst:
431:20055634:d=2019080800:SOILW Volumetric Soil Moisture Content [Fraction]:1-2 m below ground:120 hour fcst:
432:20081460:d=2019080800:WEASD Water Equivalent of Accumulated Snow Depth [kg/m^2]:surface:120 hour fcst:
433:20090757:d=2019080800:SNOD Snow Depth [m]:surface:120 hour fcst:
434:20098955:d=2019080800:PEVPR Potential Evaporation Rate [W/m^2]:surface:120 hour fcst:
435:20139087:d=2019080800:TMP Temperature [K]:2 m above ground:120 hour fcst:
436:20186352:d=2019080800:SPFH Specific Humidity [kg/kg]:2 m above ground:120 hour fcst:
437:20249765:d=2019080800:DPT Dew Point Temperature [K]:2 m above ground:120 hour fcst:
438:20299122:d=2019080800:RH Relative Humidity [%]:2 m above ground:120 hour fcst:
439:20366123:d=2019080800:APTMP Apparent Temperature [K]:2 m above ground:120 hour fcst:
440:20418079:d=2019080800:TMAX Maximum Temperature [K]:2 m above ground:114-120 hour max fcst:
441:20464420:d=2019080800:TMIN Minimum Temperature [K]:2 m above ground:114-120 hour min fcst:
442:20511365:d=2019080800:UGRD U-Component of Wind [m/s]:10 m above ground:120 hour fcst:
443:20591077:d=2019080800:VGRD V-Component of Wind [m/s]:10 m above ground:120 hour fcst:
444:20671523:d=2019080800:CPOFP Percent frozen precipitation [%]:surface:120 hour fcst:
445:20724444:d=2019080800:CPRAT Convective Precipitation Rate [kg/m^2/s]:surface:120 hour fcst:
446:20761072:d=2019080800:PRATE Precipitation Rate [kg/m^2/s]:surface:120 hour fcst:
447:20771837:d=2019080800:CPRAT Convective Precipitation Rate [kg/m^2/s]:surface:114-120 hour ave fcst:
448:20806116:d=2019080800:PRATE Precipitation Rate [kg/m^2/s]:surface:114-120 hour ave fcst:
449:20851253:d=2019080800:APCP Total Precipitation [kg/m^2]:surface:114-120 hour acc fcst:
450:20886702:d=2019080800:APCP Total Precipitation [kg/m^2]:surface:0-5 day acc fcst:
451:20948553:d=2019080800:ACPCP Convective Precipitation [kg/m^2]:surface:114-120 hour acc fcst:
452:20975136:d=2019080800:ACPCP Convective Precipitation [kg/m^2]:surface:0-5 day acc fcst:
453:21023561:d=2019080800:WATR Water Runoff [kg/m^2]:surface:114-120 hour acc fcst:
454:21047763:d=2019080800:CSNOW Categorical Snow [-]:surface:120 hour fcst:
455:21050804:d=2019080800:CICEP Categorical Ice Pellets [-]:surface:120 hour fcst:
456:21051014:d=2019080800:CFRZR Categorical Freezing Rain [-]:surface:120 hour fcst:
457:21051323:d=2019080800:CRAIN Categorical Rain [-]:surface:120 hour fcst:
458:21062701:d=2019080800:CSNOW Categorical Snow [-]:surface:114-120 hour ave fcst:
459:21065491:d=2019080800:CICEP Categorical Ice Pellets [-]:surface:114-120 hour ave fcst:
460:21065725:d=2019080800:CFRZR Categorical Freezing Rain [-]:surface:114-120 hour ave fcst:
461:21066078:d=2019080800:CRAIN Categorical Rain [-]:surface:114-120 hour ave fcst:
462:21077152:d=2019080800:LHTFL Latent Heat Net Flux [W/m^2]:surface:114-120 hour ave fcst:
463:21128049:d=2019080800:SHTFL Sensible Heat Net Flux [W/m^2]:surface:114-120 hour ave fcst:
464:21201908:d=2019080800:GFLUX Ground Heat Flux [W/m^2]:surface:114-120 hour ave fcst:
465:21241866:d=2019080800:UFLX Momentum Flux, U-Component [N/m^2]:surface:114-120 hour ave fcst:
466:21303257:d=2019080800:VFLX Momentum Flux, V-Component [N/m^2]:surface:114-120 hour ave fcst:
467:21364356:d=2019080800:U-GWD Zonal Flux of Gravity Wave Stress [N/m^2]:surface:114-120 hour ave fcst:
468:21394723:d=2019080800:V-GWD Meridional Flux of Gravity Wave Stress [N/m^2]:surface:114-120 hour ave fcst:
469:21423419:d=2019080800:WILT Wilting Point [Fraction]:surface:120 hour fcst:
470:21451766:d=2019080800:FLDCP Field Capacity [Fraction]:surface:120 hour fcst:
471:21482925:d=2019080800:SUNSD Sunshine Duration [s]:surface:120 hour fcst:
472:21533449:d=2019080800:LFTX Surface Lifted Index [K]:surface:120 hour fcst:
473:21583379:d=2019080800:CAPE Convective Available Potential Energy [J/kg]:surface:120 hour fcst:
474:21631310:d=2019080800:CIN Convective Inhibition [J/kg]:surface:120 hour fcst:
475:21662813:d=2019080800:PWAT Precipitable Water [kg/m^2]:entire atmosphere (considered as a single layer):120 hour fcst:
476:21714955:d=2019080800:CWAT Cloud Water [kg/m^2]:entire atmosphere (considered as a single layer):120 hour fcst:
477:21756016:d=2019080800:RH Relative Humidity [%]:entire atmosphere (considered as a single layer):120 hour fcst:
478:21815851:d=2019080800:TOZNE Total Ozone [DU]:entire atmosphere (considered as a single layer):120 hour fcst:
479:21869965:d=2019080800:TCDC Total Cloud Cover [%]:low cloud layer:114-120 hour ave fcst:
480:21917496:d=2019080800:TCDC Total Cloud Cover [%]:middle cloud layer:114-120 hour ave fcst:
481:21952014:d=2019080800:TCDC Total Cloud Cover [%]:high cloud layer:114-120 hour ave fcst:
482:21992729:d=2019080800:TCDC Total Cloud Cover [%]:entire atmosphere:114-120 hour ave fcst:
483:22042168:d=2019080800:PRES Pressure [Pa]:convective cloud bottom level:120 hour fcst:
484:22080037:d=2019080800:PRES Pressure [Pa]:low cloud bottom level:114-120 hour ave fcst:
485:22167528:d=2019080800:PRES Pressure [Pa]:middle cloud bottom level:114-120 hour ave fcst:
486:22227988:d=2019080800:PRES Pressure [Pa]:high cloud bottom level:114-120 hour ave fcst:
487:22307218:d=2019080800:PRES Pressure [Pa]:convective cloud top level:120 hour fcst:
488:22348678:d=2019080800:PRES Pressure [Pa]:low cloud top level:114-120 hour ave fcst:
489:22436009:d=2019080800:PRES Pressure [Pa]:middle cloud top level:114-120 hour ave fcst:
490:22496133:d=2019080800:PRES Pressure [Pa]:high cloud top level:114-120 hour ave fcst:
491:22574278:d=2019080800:TMP Temperature [K]:low cloud top level:114-120 hour ave fcst:
492:22620301:d=2019080800:TMP Temperature [K]:middle cloud top level:114-120 hour ave fcst:
493:22656130:d=2019080800:TMP Temperature [K]:high cloud top level:114-120 hour ave fcst:
494:22705282:d=2019080800:TCDC Total Cloud Cover [%]:convective cloud layer:120 hour fcst:
495:22738243:d=2019080800:TCDC Total Cloud Cover [%]:boundary layer cloud layer:114-120 hour ave fcst:
496:22782882:d=2019080800:CWORK Cloud Work Function [J/kg]:entire atmosphere (considered as a single layer):114-120 hour ave fcst:
497:22802889:d=2019080800:DSWRF Downward Short-Wave Radiation Flux [W/m^2]:surface:114-120 hour ave fcst:
498:22845821:d=2019080800:DLWRF Downward Long-Wave Rad. Flux [W/m^2]:surface:114-120 hour ave fcst:
499:22897365:d=2019080800:USWRF Upward Short-Wave Radiation Flux [W/m^2]:surface:114-120 hour ave fcst:
500:22927541:d=2019080800:ULWRF Upward Long-Wave Rad. Flux [W/m^2]:surface:114-120 hour ave fcst:
501:22967701:d=2019080800:USWRF Upward Short-Wave Radiation Flux [W/m^2]:top of atmosphere:114-120 hour ave fcst:
502:23009616:d=2019080800:ULWRF Upward Long-Wave Rad. Flux [W/m^2]:top of atmosphere:114-120 hour ave fcst:
503:23056005:d=2019080800:HLCY Storm Relative Helicity [m^2/s^2]:3000-0 m above ground:120 hour fcst:
504:23118540:d=2019080800:USTM U-Component Storm Motion [m/s]:6000-0 m above ground:120 hour fcst:
505:23201990:d=2019080800:VSTM V-Component Storm Motion [m/s]:6000-0 m above ground:120 hour fcst:
506:23285190:d=2019080800:PRES Pressure [Pa]:tropopause:120 hour fcst:
507:23385049:d=2019080800:ICAHT ICAO Standard Atmosphere Reference Height [m]:tropopause:120 hour fcst:
508:23481738:d=2019080800:HGT Geopotential Height [gpm]:tropopause:120 hour fcst:
509:23577971:d=2019080800:TMP Temperature [K]:tropopause:120 hour fcst:
510:23624313:d=2019080800:UGRD U-Component of Wind [m/s]:tropopause:120 hour fcst:
511:23679738:d=2019080800:VGRD V-Component of Wind [m/s]:tropopause:120 hour fcst:
512:23734873:d=2019080800:VWSH Vertical Speed Shear [1/s]:tropopause:120 hour fcst:
513:23799412:d=2019080800:PRES Pressure [Pa]:max wind:120 hour fcst:
514:23914051:d=2019080800:ICAHT ICAO Standard Atmosphere Reference Height [m]:max wind:120 hour fcst:
515:24030730:d=2019080800:HGT Geopotential Height [gpm]:max wind:120 hour fcst:
516:24149425:d=2019080800:UGRD U-Component of Wind [m/s]:max wind:120 hour fcst:
517:24207575:d=2019080800:VGRD V-Component of Wind [m/s]:max wind:120 hour fcst:
518:24267668:d=2019080800:TMP Temperature [K]:max wind:120 hour fcst:
519:24334829:d=2019080800:UGRD U-Component of Wind [m/s]:20 m above ground:120 hour fcst:
520:24415314:d=2019080800:VGRD V-Component of Wind [m/s]:20 m above ground:120 hour fcst:
521:24496573:d=2019080800:UGRD U-Component of Wind [m/s]:30 m above ground:120 hour fcst:
522:24577114:d=2019080800:VGRD V-Component of Wind [m/s]:30 m above ground:120 hour fcst:
523:24658566:d=2019080800:UGRD U-Component of Wind [m/s]:40 m above ground:120 hour fcst:
524:24739330:d=2019080800:VGRD V-Component of Wind [m/s]:40 m above ground:120 hour fcst:
525:24821002:d=2019080800:UGRD U-Component of Wind [m/s]:50 m above ground:120 hour fcst:
526:24902216:d=2019080800:VGRD V-Component of Wind [m/s]:50 m above ground:120 hour fcst:
527:24983899:d=2019080800:TMP Temperature [K]:80 m above ground:120 hour fcst:
528:25008691:d=2019080800:SPFH Specific Humidity [kg/kg]:80 m above ground:120 hour fcst:
529:25072390:d=2019080800:PRES Pressure [Pa]:80 m above ground:120 hour fcst:
530:25146990:d=2019080800:UGRD U-Component of Wind [m/s]:80 m above ground:120 hour fcst:
531:25228617:d=2019080800:VGRD V-Component of Wind [m/s]:80 m above ground:120 hour fcst:
532:25310804:d=2019080800:TMP Temperature [K]:100 m above ground:120 hour fcst:
533:25335502:d=2019080800:UGRD U-Component of Wind [m/s]:100 m above ground:120 hour fcst:
534:25417229:d=2019080800:VGRD V-Component of Wind [m/s]:100 m above ground:120 hour fcst:
535:25499625:d=2019080800:TMP Temperature [K]:1829 m above mean sea level:120 hour fcst:
536:25549007:d=2019080800:UGRD U-Component of Wind [m/s]:1829 m above mean sea level:120 hour fcst:
537:25632812:d=2019080800:VGRD V-Component of Wind [m/s]:1829 m above mean sea level:120 hour fcst:
538:25718406:d=2019080800:TMP Temperature [K]:2743 m above mean sea level:120 hour fcst:
539:25766864:d=2019080800:UGRD U-Component of Wind [m/s]:2743 m above mean sea level:120 hour fcst:
540:25852258:d=2019080800:VGRD V-Component of Wind [m/s]:2743 m above mean sea level:120 hour fcst:
541:25939295:d=2019080800:TMP Temperature [K]:3658 m above mean sea level:120 hour fcst:
542:25986922:d=2019080800:UGRD U-Component of Wind [m/s]:3658 m above mean sea level:120 hour fcst:
543:26073418:d=2019080800:VGRD V-Component of Wind [m/s]:3658 m above mean sea level:120 hour fcst:
544:26161732:d=2019080800:HGT Geopotential Height [gpm]:0C isotherm:120 hour fcst:
545:26243720:d=2019080800:RH Relative Humidity [%]:0C isotherm:120 hour fcst:
546:26317082:d=2019080800:HGT Geopotential Height [gpm]:highest tropospheric freezing level:120 hour fcst:
547:26399118:d=2019080800:RH Relative Humidity [%]:highest tropospheric freezing level:120 hour fcst:
548:26472589:d=2019080800:TMP Temperature [K]:30-0 mb above ground:120 hour fcst:
549:26497320:d=2019080800:RH Relative Humidity [%]:30-0 mb above ground:120 hour fcst:
550:26565507:d=2019080800:SPFH Specific Humidity [kg/kg]:30-0 mb above ground:120 hour fcst:
551:26655500:d=2019080800:UGRD U-Component of Wind [m/s]:30-0 mb above ground:120 hour fcst:
552:26736924:d=2019080800:VGRD V-Component of Wind [m/s]:30-0 mb above ground:120 hour fcst:
553:26819462:d=2019080800:4LFTX Best (4 layer) Lifted Index [K]:surface:120 hour fcst:
554:26868860:d=2019080800:CAPE Convective Available Potential Energy [J/kg]:180-0 mb above ground:120 hour fcst:
555:26917549:d=2019080800:CIN Convective Inhibition [J/kg]:180-0 mb above ground:120 hour fcst:
556:26952255:d=2019080800:HPBL Planetary Boundary Layer Height [m]:surface:120 hour fcst:
557:27061004:d=2019080800:RH Relative Humidity [%]:0.33-1 sigma layer:120 hour fcst:
558:27129322:d=2019080800:RH Relative Humidity [%]:0.44-1 sigma layer:120 hour fcst:
559:27195791:d=2019080800:RH Relative Humidity [%]:0.72-0.94 sigma layer:120 hour fcst:
560:27265873:d=2019080800:RH Relative Humidity [%]:0.44-0.72 sigma layer:120 hour fcst:
561:27334978:d=2019080800:TMP Temperature [K]:0.995 sigma level:120 hour fcst:
562:27382023:d=2019080800:POT Potential Temperature [K]:0.995 sigma level:120 hour fcst:
563:27428725:d=2019080800:RH Relative Humidity [%]:0.995 sigma level:120 hour fcst:
564:27497095:d=2019080800:UGRD U-Component of Wind [m/s]:0.995 sigma level:120 hour fcst:
565:27578047:d=2019080800:VGRD V-Component of Wind [m/s]:0.995 sigma level:120 hour fcst:
566:27659537:d=2019080800:VVEL Vertical Velocity (Pressure) [Pa/s]:0.995 sigma level:120 hour fcst:
567:27733309:d=2019080800:CAPE Convective Available Potential Energy [J/kg]:255-0 mb above ground:120 hour fcst:
568:27779133:d=2019080800:CIN Convective Inhibition [J/kg]:255-0 mb above ground:120 hour fcst:
569:27809951:d=2019080800:PLPL Pressure of level from which parcel was lifted [Pa]:255-0 mb above ground:120 hour fcst:
570:27892180:d=2019080800:LAND Land Cover (0=sea, 1=land) [Proportion]:surface:120 hour fcst:
571:27896783:d=2019080800:ICEC Ice Cover [Proportion]:surface:120 hour fcst:
572:27903523:d=2019080800:ALBDO Albedo [%]:surface:114-120 hour ave fcst:
573:27962948:d=2019080800:UGRD U-Component of Wind [m/s]:PV=2e-06 (Km^2/kg/s) surface:120 hour fcst:
574:28007626:d=2019080800:VGRD V-Component of Wind [m/s]:PV=2e-06 (Km^2/kg/s) surface:120 hour fcst:
575:28052086:d=2019080800:TMP Temperature [K]:PV=2e-06 (Km^2/kg/s) surface:120 hour fcst:
576:28097546:d=2019080800:HGT Geopotential Height [gpm]:PV=2e-06 (Km^2/kg/s) surface:120 hour fcst:
577:28169726:d=2019080800:PRES Pressure [Pa]:PV=2e-06 (Km^2/kg/s) surface:120 hour fcst:
578:28239703:d=2019080800:VWSH Vertical Speed Shear [1/s]:PV=2e-06 (Km^2/kg/s) surface:120 hour fcst:
579:28287663:d=2019080800:UGRD U-Component of Wind [m/s]:PV=-2e-06 (Km^2/kg/s) surface:120 hour fcst:
580:28332321:d=2019080800:VGRD V-Component of Wind [m/s]:PV=-2e-06 (Km^2/kg/s) surface:120 hour fcst:
581:28376075:d=2019080800:TMP Temperature [K]:PV=-2e-06 (Km^2/kg/s) surface:120 hour fcst:
582:28420689:d=2019080800:HGT Geopotential Height [gpm]:PV=-2e-06 (Km^2/kg/s) surface:120 hour fcst:
583:28492674:d=2019080800:PRES Pressure [Pa]:PV=-2e-06 (Km^2/kg/s) surface:120 hour fcst:
584:28563222:d=2019080800:VWSH Vertical Speed Shear [1/s]:PV=-2e-06 (Km^2/kg/s) surface:120 hour fcst:
585:28610082:d=2019080800:PRMSL Pressure Reduced to MSL [Pa]:mean sea level:120 hour fcst:
586:28680228:d=2019080800:5WAVH 5-Wave Geopotential Height [gpm]:500 mb:120 hour fcst:
